<?xml version="1.0" encoding="UTF-8"?>
<!-- Generated by org.testng.reporters.JUnitReportReporter -->
<testsuite hostname="LAPTOP-9J15PCB5" failures="0" tests="1" name="practice.GetJsonNestedArrayExample" time="3.427" errors="0" timestamp="2025-06-01T19:41:41 IST" skipped="0">
  <testcase classname="practice.GetJsonNestedArrayExample" name="validateJsonArrayResponse" time="3.427"/>
</testsuite> <!-- practice.GetJsonNestedArrayExample -->
