<?xml version="1.0" encoding="UTF-8"?>
<!-- Generated by org.testng.reporters.JUnitReportReporter -->
<testsuite hostname="LAPTOP-9J15PCB5" failures="0" tests="1" name="practice.QueryParameterDemo" time="4.244" errors="0" timestamp="2025-06-01T17:39:25 IST" skipped="0">
  <testcase classname="practice.QueryParameterDemo" name="queryparams" time="4.244"/>
</testsuite> <!-- practice.QueryParameterDemo -->
