<?xml version="1.0" encoding="UTF-8"?>
<!-- Generated by org.testng.reporters.JUnitReportReporter -->
<testsuite hostname="LAPTOP-9J15PCB5" failures="0" tests="1" name="practice.GetJSONArrayExample" time="3.813" errors="0" timestamp="2025-06-29T21:48:35 IST" skipped="0">
  <testcase classname="practice.GetJSONArrayExample" name="validateJsonArrayResponse" time="3.813"/>
</testsuite> <!-- practice.GetJSONArrayExample -->
