<?xml version="1.0" encoding="UTF-8"?>
<!-- Generated by org.testng.reporters.JUnitReportReporter -->
<testsuite hostname="LAPTOP-9J15PCB5" failures="0" tests="1" name="practice.GitHubCreateRepo" time="11.671" errors="0" timestamp="2025-06-01T20:37:48 IST" skipped="0">
  <testcase classname="practice.GitHubCreateRepo" name="crateRepo" time="11.671"/>
</testsuite> <!-- practice.GitHubCreateRepo -->
