<?xml version="1.0" encoding="UTF-8"?>
<!-- Generated by org.testng.reporters.JUnitReportReporter -->
<testsuite hostname="LAPTOP-9J15PCB5" failures="0" tests="1" name="practice.PathParameterDemo" time="5.134" errors="0" timestamp="2025-06-01T17:54:53 IST" skipped="0">
  <testcase classname="practice.PathParameterDemo" name="validateSingleJob" time="5.134"/>
</testsuite> <!-- practice.PathParameterDemo -->
