<?xml version="1.0" encoding="UTF-8"?>
<!-- Generated by org.testng.reporters.JUnitReportReporter -->
<testsuite hostname="LAPTOP-9J15PCB5" failures="0" tests="1" name="practice.GetRequestExample" time="3.497" errors="0" timestamp="2025-06-29T21:23:46 IST" skipped="0">
  <testcase classname="practice.GetRequestExample" name="validateGetRequest" time="3.497"/>
</testsuite> <!-- practice.GetRequestExample -->
